<?xml version="1.0" encoding="UTF-8"?>
<testng-results skipped="0" failed="0" ignored="0" total="1" passed="1">
  <reporter-output>
  </reporter-output>
  <suite name="Default suite" duration-ms="33665" started-at="2018-10-20T11:42:01Z" finished-at="2018-10-20T11:42:35Z">
    <groups>
    </groups>
    <test name="Default test" duration-ms="33665" started-at="2018-10-20T11:42:01Z" finished-at="2018-10-20T11:42:35Z">
      <class name="com.technocredits.orangeHRM.TestScripts.LoginTest">
        <test-method status="PASS" signature="login()[pri:0, instance:com.technocredits.orangeHRM.TestScripts.LoginTest@643b1d11]" name="login" duration-ms="33607" started-at="2018-10-20T17:12:01Z" finished-at="2018-10-20T17:12:35Z">
          <reporter-output>
          </reporter-output>
        </test-method> <!-- login -->
      </class> <!-- com.technocredits.orangeHRM.TestScripts.LoginTest -->
    </test> <!-- Default test -->
  </suite> <!-- Default suite -->
</testng-results>
